<?xml version="1.0" encoding="utf-8"?><testsuites name="pytest tests"><testsuite name="pytest" errors="0" failures="0" skipped="0" tests="24" time="5.690" timestamp="2026-05-13T04:59:36.809171+00:00" hostname="agent-env-cef0d2df-429f-4a07-a3c3-945c4edab221"><testcase classname="test_bump_api.TestHealth" name="test_root" time="0.220" /><testcase classname="test_bump_api.TestAuth" name="test_login_ava" time="0.295" /><testcase classname="test_bump_api.TestAuth" name="test_login_admin" time="0.289" /><testcase classname="test_bump_api.TestAuth" name="test_login_invalid" time="0.289" /><testcase classname="test_bump_api.TestAuth" name="test_register_and_duplicate" time="0.355" /><testcase classname="test_bump_api.TestAuth" name="test_me_requires_auth" time="0.068" /><testcase classname="test_bump_api.TestAuth" name="test_me_with_token" time="0.067" /><testcase classname="test_bump_api.TestProfile" name="test_update_profile" time="0.140" /><testcase classname="test_bump_api.TestVenues" name="test_list_venues" time="0.069" /><testcase classname="test_bump_api.TestVenues" name="test_get_venue_detail" time="0.135" /><testcase classname="test_bump_api.TestVenues" name="test_venue_not_found" time="0.065" /><testcase classname="test_bump_api.TestCheckin" name="test_active_checkin_ava" time="0.068" /><testcase classname="test_bump_api.TestCheckin" name="test_checkin_demo_mode" time="0.523" /><testcase classname="test_bump_api.TestCheckin" name="test_venue_feed_excludes_self" time="0.132" /><testcase classname="test_bump_api.TestMatches" name="test_mutual_match_creates" time="1.008" /><testcase classname="test_bump_api.TestMatches" name="test_pass_no_match" time="0.357" /><testcase classname="test_bump_api.TestMatches" name="test_self_like_rejected" time="0.066" /><testcase classname="test_bump_api.TestSafety" name="test_block_report_hide" time="0.509" /><testcase classname="test_bump_api.TestSafety" name="test_delete_account" time="0.424" /><testcase classname="test_bump_api.TestAdmin" name="test_admin_analytics" time="0.069" /><testcase classname="test_bump_api.TestAdmin" name="test_admin_users_list" time="0.071" /><testcase classname="test_bump_api.TestAdmin" name="test_admin_reports" time="0.066" /><testcase classname="test_bump_api.TestAdmin" name="test_admin_requires_admin_role" time="0.065" /><testcase classname="test_bump_api.TestWebSocket" name="test_ws_connect" time="0.313" /></testsuite></testsuites>